<?xml version="1.0" encoding="UTF-8"?>
<!-- Generated by org.testng.reporters.JUnitReportReporter -->
<testsuite skipped="0" hostname="DESKTOP-R408AKF" name="Testcases.Loginapplication" tests="1" failures="0" timestamp="08 Jan 2020 07:10:02 GMT" time="50.060" errors="0">
  <testcase name="Login" time="50.060" classname="Testcases.Loginapplication"/>
</testsuite> <!-- Testcases.Loginapplication -->
